Thu 24 Aug 2023 01:11:38 AM UTC: 
 tests:  0|6
total_score: 0/70
4f980ed
Thu 24 Aug 2023 01:20:14 AM UTC: 
 list.c | 7 ++++++-
 1 file changed, 6 insertions(+), 1 deletion(-)
 tests:  1|5
total_score: 10/70
eb49396
Thu 24 Aug 2023 01:33:39 AM UTC: 
 list.c | 2 +-
 1 file changed, 1 insertion(+), 1 deletion(-)
In file included from test.c:5:
list.c: In function ‘firstList’:
list.c:41:1: error: control reaches end of non-void function [-Werror=return-type]
   41 | }
      | ^
cc1: all warnings being treated as errors
Compilation failed
679dda0
Thu 24 Aug 2023 01:33:55 AM UTC: 
 list.c | 2 +-
 1 file changed, 1 insertion(+), 1 deletion(-)
In file included from test.c:5:
list.c: In function ‘firstList’:
list.c:41:1: error: control reaches end of non-void function [-Werror=return-type]
   41 | }
      | ^
cc1: all warnings being treated as errors
Compilation failed
3a7c645
Thu 24 Aug 2023 01:39:16 AM UTC: 
 list.c | 4 +++-
 1 file changed, 3 insertions(+), 1 deletion(-)
 tests:  2|5
total_score: 15/70
961f340
Thu 24 Aug 2023 01:47:15 AM UTC: 
 list.c | 3 +++
 1 file changed, 3 insertions(+)
 tests:  2|5
total_score: 15/70
daecb78
Thu 24 Aug 2023 01:51:53 AM UTC: 
 list.c | 7 +++----
 1 file changed, 3 insertions(+), 4 deletions(-)
In file included from test.c:5:
list.c: In function ‘nextList’:
list.c:47:23: error: ‘List’ {aka ‘struct List’} has no member named ‘next’
   47 |   list->current = list->next;
      |                       ^~
Compilation failed
5bdacc9
Thu 24 Aug 2023 01:52:52 AM UTC: 
 list.c | 2 +-
 1 file changed, 1 insertion(+), 1 deletion(-)
 tests:  0|0
84d3445
Thu 24 Aug 2023 01:54:25 AM UTC: 
 list.c | 2 +-
 1 file changed, 1 insertion(+), 1 deletion(-)
 tests:  0|0
1a5aabd
Thu 24 Aug 2023 01:57:20 AM UTC: 
 list.c | 4 ++--
 1 file changed, 2 insertions(+), 2 deletions(-)
/nix/store/039g378vc3pc3dvi9dzdlrd0i4q93qwf-binutils-2.39/bin/ld: /tmp/ccRvQQHM.o: in function `test_first_next':
test.c:(.text+0xc89): undefined reference to `nextList'
/nix/store/039g378vc3pc3dvi9dzdlrd0i4q93qwf-binutils-2.39/bin/ld: test.c:(.text+0xce4): undefined reference to `nextList'
/nix/store/039g378vc3pc3dvi9dzdlrd0i4q93qwf-binutils-2.39/bin/ld: test.c:(.text+0xd15): undefined reference to `nextList'
collect2: error: ld returned 1 exit status
Compilation failed
18b108c
